---
- name: Gérer les journaux et lancer l'application Flask
  hosts: serveur_destination
  become: yes
  tasks:
    - name: Créer le répertoire de journaux
      file:
        path: /var/log/flask_app
        state: directory
        mode: '0755'
    
    - name: Assurer que Python3 et pip sont installés
      apt:
        name: 
          - python3
          - python3-pip
        state: present

    - name: Installer les dépendances de l'application Flask
      pip:
        requirements: /home/outscale/formation-devops-training/requirements.txt
    

    - name: Lancer l'application Flask en arrière-plan
      shell: |
        nohup python3 /home/outscale/formation-devops-training/app.py > /var/log/flask_app/app.log 2>&1 &
      args:
        executable: /bin/bash
